<?xml version="1.0" encoding="UTF-8"?>
<!-- Generated by org.testng.reporters.JUnitReportReporter -->
<testsuite hostname="LAPTOP-JFVC77ME" name="com.ap.ui.testcase.HomePageTest" tests="2" failures="0" timestamp="11 May 2019 16:40:04 GMT" time="19.926" errors="0">
  <testcase name="SignntTest" time="11.401" classname="com.ap.ui.testcase.HomePageTest"/>
  <testcase name="searchPageTest" time="8.525" classname="com.ap.ui.testcase.HomePageTest"/>
</testsuite> <!-- com.ap.ui.testcase.HomePageTest -->
