<?xml version="1.0" encoding="UTF-8"?>
<!-- Generated by org.testng.reporters.JUnitReportReporter -->
<testsuite hostname="LAPTOP-JFVC77ME" name="com.ap.ui.testcase.LoginPageTest" tests="3" failures="0" timestamp="4 May 2019 20:37:55 GMT" time="3.385" errors="0">
  <testcase name="validateUserIDTest" time="0.122" classname="com.ap.ui.testcase.LoginPageTest"/>
  <testcase name="validateLoginTest" time="3.221" classname="com.ap.ui.testcase.LoginPageTest"/>
  <testcase name="validateAPIImageTest" time="0.042" classname="com.ap.ui.testcase.LoginPageTest"/>
</testsuite> <!-- com.ap.ui.testcase.LoginPageTest -->
