<?xml version="1.0" encoding="UTF-8"?>
<!-- Generated by org.testng.reporters.JUnitReportReporter -->
<testsuite hostname="LAPTOP-JFVC77ME" name="com.ap.ui.testcase.ContactsTest" tests="1" failures="0" timestamp="19 May 2019 19:38:46 GMT" time="12.320" errors="0">
  <testcase name="tetsContacts" time="12.320" classname="com.ap.ui.testcase.ContactsTest"/>
</testsuite> <!-- com.ap.ui.testcase.ContactsTest -->
