<?xml version="1.0" encoding="UTF-8"?>
<!-- Generated by org.testng.reporters.JUnitReportReporter -->
<testsuite hostname="LAPTOP-JFVC77ME" name="com.ap.ui.testcase.LoginTest" tests="3" failures="0" timestamp="19 May 2019 19:38:46 GMT" time="3.180" errors="0">
  <testcase name="validateUserIDTest" time="0.082" classname="com.ap.ui.testcase.LoginTest"/>
  <testcase name="validateAPIImageTest" time="0.042" classname="com.ap.ui.testcase.LoginTest"/>
  <testcase name="validateLoginTest" time="3.056" classname="com.ap.ui.testcase.LoginTest"/>
</testsuite> <!-- com.ap.ui.testcase.LoginTest -->
