<?xml version="1.0" encoding="UTF-8"?>
<!-- Generated by org.testng.reporters.JUnitReportReporter -->
<testsuite hostname="LAPTOP-JFVC77ME" name="com.ap.ui.testcase.HomePageTest" tests="3" failures="0" timestamp="19 May 2019 19:38:46 GMT" time="25.076" errors="0">
  <testcase name="searchPageTest" time="7.649" classname="com.ap.ui.testcase.HomePageTest"/>
  <testcase name="SignntTest" time="9.130" classname="com.ap.ui.testcase.HomePageTest"/>
  <testcase name="getTestDataTest" time="8.297" classname="com.ap.ui.testcase.HomePageTest"/>
</testsuite> <!-- com.ap.ui.testcase.HomePageTest -->
